<?xml version="1.0" encoding="UTF-8"?>
<!-- Generated by org.testng.reporters.JUnitXMLReporter -->
<testsuite ignored="2" hostname="LAPTOP-LS3D59LS" failures="0" tests="2" name="Test_All" time="19.05" errors="0" timestamp="2023-06-26T15:01:30 IST">
  <testcase classname="com.gsg.testcases.HomePageTest" name="homePageTest" time="0.665"/>
  <testcase classname="com.gsg.testcases.TelevisionPageTest" name="TelevisionPageTest" time="2.456"/>
  <testcase classname="com.gsg.base.BaseClass" name="@AfterSuite afterSuite" time="0.0">
    <ignored/>
  </testcase> <!-- @AfterSuite afterSuite -->
  <testcase classname="com.gsg.base.BaseClass" name="@BeforeSuite loadConfig" time="0.0">
    <ignored/>
  </testcase> <!-- @BeforeSuite loadConfig -->
</testsuite> <!-- Test_All -->
