<?xml version="1.0" encoding="UTF-8"?>
<testng-results ignored="2" total="4" passed="2" failed="0" skipped="0">
  <reporter-output>
  </reporter-output>
  <suite started-at="2023-06-26T15:01:11 IST" name="Suite" finished-at="2023-06-26T15:01:30 IST" duration-ms="19050">
    <groups>
    </groups>
    <test started-at="2023-06-26T15:01:11 IST" name="Test_All" finished-at="2023-06-26T15:01:30 IST" duration-ms="19050">
      <class name="com.gsg.testcases.TelevisionPageTest">
        <test-method is-config="true" signature="setup(java.lang.String)[pri:0, instance:com.gsg.testcases.TelevisionPageTest@776b83cc]" started-at="2023-06-26T15:01:21 IST" name="setup" finished-at="2023-06-26T15:01:27 IST" duration-ms="6295" status="PASS">
          <params>
            <param index="0">
              <value>
                <![CDATA[Chrome]]>
              </value>
            </param>
          </params>
          <reporter-output>
          </reporter-output>
        </test-method> <!-- setup -->
        <test-method signature="TelevisionPageTest()[pri:0, instance:com.gsg.testcases.TelevisionPageTest@776b83cc]" started-at="2023-06-26T15:01:27 IST" name="TelevisionPageTest" finished-at="2023-06-26T15:01:29 IST" duration-ms="2456" status="PASS">
          <reporter-output>
          </reporter-output>
        </test-method> <!-- TelevisionPageTest -->
        <test-method is-config="true" signature="tearDown()[pri:0, instance:com.gsg.testcases.TelevisionPageTest@776b83cc]" started-at="2023-06-26T15:01:29 IST" name="tearDown" finished-at="2023-06-26T15:01:30 IST" duration-ms="794" status="PASS">
          <reporter-output>
          </reporter-output>
        </test-method> <!-- tearDown -->
      </class> <!-- com.gsg.testcases.TelevisionPageTest -->
      <class name="com.gsg.testcases.HomePageTest">
        <test-method is-config="true" signature="loadConfig()[pri:0, instance:com.gsg.testcases.HomePageTest@4ef37659]" started-at="2023-06-26T15:01:11 IST" name="loadConfig" finished-at="2023-06-26T15:01:11 IST" duration-ms="196" status="PASS">
          <reporter-output>
          </reporter-output>
        </test-method> <!-- loadConfig -->
        <test-method is-config="true" signature="setup(java.lang.String)[pri:0, instance:com.gsg.testcases.HomePageTest@4ef37659]" started-at="2023-06-26T15:01:11 IST" name="setup" finished-at="2023-06-26T15:01:19 IST" duration-ms="8034" status="PASS">
          <params>
            <param index="0">
              <value>
                <![CDATA[Chrome]]>
              </value>
            </param>
          </params>
          <reporter-output>
          </reporter-output>
        </test-method> <!-- setup -->
        <test-method signature="homePageTest()[pri:0, instance:com.gsg.testcases.HomePageTest@4ef37659]" started-at="2023-06-26T15:01:19 IST" name="homePageTest" finished-at="2023-06-26T15:01:20 IST" duration-ms="665" status="PASS">
          <reporter-output>
          </reporter-output>
        </test-method> <!-- homePageTest -->
        <test-method is-config="true" signature="tearDown()[pri:0, instance:com.gsg.testcases.HomePageTest@4ef37659]" started-at="2023-06-26T15:01:20 IST" name="tearDown" finished-at="2023-06-26T15:01:21 IST" duration-ms="757" status="PASS">
          <reporter-output>
          </reporter-output>
        </test-method> <!-- tearDown -->
        <test-method is-config="true" signature="afterSuite()[pri:0, instance:com.gsg.testcases.HomePageTest@4ef37659]" started-at="2023-06-26T15:01:30 IST" name="afterSuite" finished-at="2023-06-26T15:01:31 IST" duration-ms="270" status="PASS">
          <reporter-output>
          </reporter-output>
        </test-method> <!-- afterSuite -->
      </class> <!-- com.gsg.testcases.HomePageTest -->
    </test> <!-- Test_All -->
  </suite> <!-- Suite -->
</testng-results>
